<?xml version="1.0" encoding="UTF-8"?>
<!-- Generated by org.testng.reporters.JUnitReportReporter -->
<testsuite hostname="DESKTOP-A6PNEJA" failures="0" tests="1" name="demo.sample" time="8.533" errors="0" timestamp="2022-10-18T12:45:09 IST" skipped="0">
  <testcase classname="demo.sample" name="startBrowser" time="8.533"/>
  <system-out/>
</testsuite> <!-- demo.sample -->
