<?xml version="1.0" encoding="UTF-8"?>
<!-- Generated by org.testng.reporters.JUnitReportReporter -->
<testsuite hostname="DESKTOP-A6PNEJA" failures="0" tests="1" name="demo.sample" time="12.236" errors="0" timestamp="2022-10-18T11:06:33 IST" skipped="0">
  <testcase classname="demo.sample" name="startBrowser" time="12.236"/>
  <system-out/>
</testsuite> <!-- demo.sample -->
